<?xml version="1.0" encoding="UTF-8"?>
<!-- Generated by org.testng.reporters.JUnitXMLReporter -->
<testsuite ignored="0" hostname="DESKTOP-5KAGMJM" failures="1" tests="3" name="ErrorValidationTest" time="26.053" errors="0" timestamp="2024-04-01T12:34:34 IST">
  <testcase classname="tests.ErrorValidation" name="loginValidation" time="0.685">
    <skipped/>
  </testcase> <!-- loginValidation -->
  <testcase classname="tests.ErrorValidation" name="loginValidation" time="0.765">
    <failure type="java.lang.AssertionError" message="expected [Incorrect email or password] but found [Incorrect email or password.]">
      <![CDATA[java.lang.AssertionError: expected [Incorrect email or password] but found [Incorrect email or password.]
at tests.ErrorValidation.loginValidation(ErrorValidation.java:19)
at java.base/java.util.ArrayList.forEach(ArrayList.java:1596)
... Removed 31 stack frames]]>
    </failure>
  </testcase> <!-- loginValidation -->
  <testcase classname="tests.ErrorValidation" name="productValidation" time="3.851"/>
</testsuite> <!-- ErrorValidationTest -->
