<?xml version="1.0" encoding="UTF-8"?>
<!-- Generated by org.testng.reporters.JUnitXMLReporter -->
<testsuite ignored="0" hostname="DESKTOP-5KAGMJM" failures="1" tests="2" name="SubmitOrderTest" time="0.072" errors="0" timestamp="2024-04-01T12:34:08 IST">
  <testcase classname="tests.SubmitOrderTest" name="submitOrder" time="0.0">
    <failure type="java.lang.RuntimeException" message="java.lang.NullPointerException">
      <![CDATA[java.lang.RuntimeException: java.lang.NullPointerException
at java.base/java.util.ArrayList.forEach(ArrayList.java:1596)
Caused by: java.lang.NullPointerException
at java.base/java.io.File.<init>(File.java:278)
at testComponents.BaseTest.getJsonDatatoMap(BaseTest.java:51)
at tests.SubmitOrderTest.getData(SubmitOrderTest.java:74)
... 25 more
... Removed 30 stack frames]]>
    </failure>
  </testcase> <!-- submitOrder -->
  <testcase classname="tests.SubmitOrderTest" name="verifyOrder" time="0.001">
    <skipped/>
  </testcase> <!-- verifyOrder -->
</testsuite> <!-- SubmitOrderTest -->
