<?xml version="1.0" encoding="UTF-8"?>
<!-- Generated by org.testng.reporters.JUnitXMLReporter -->
<testsuite ignored="0" hostname="DESKTOP-5KAGMJM" failures="0" tests="2" name="ErrorValidationTest" time="3.361" errors="0" timestamp="2024-04-12T15:43:37 IST">
  <testcase classname="tests.ErrorValidation" name="loginValidation" time="0.0">
    <skipped/>
  </testcase> <!-- loginValidation -->
  <testcase classname="tests.ErrorValidation" name="productValidation" time="0.0">
    <skipped/>
  </testcase> <!-- productValidation -->
</testsuite> <!-- ErrorValidationTest -->
