<?xml version="1.0" encoding="UTF-8"?>
<!-- Generated by org.testng.reporters.JUnitReportReporter -->
<testsuite hostname="DESKTOP-5KAGMJM" failures="0" tests="1" name="cucumber.testNGtestRunner" time="0.128" errors="1" timestamp="2024-04-10T15:12:59 IST" skipped="0">
  <testcase classname="cucumber.testNGtestRunner" name="runScenario" time="0.128">
    <error message="Cannot invoke &quot;org.openqa.selenium.WebDriver.get(String)&quot; because &quot;this.driver&quot; is null" type="java.lang.NullPointerException">
      <![CDATA[java.lang.NullPointerException: Cannot invoke "org.openqa.selenium.WebDriver.get(String)" because "this.driver" is null
at PageObjects.LandingPage.goTo(LandingPage.java:44)
at testComponents.BaseTest.launchApplication(BaseTest.java:81)
at stepDefinitions.submitorderStepdefinitions.I_landed_on_E_commerce_page(submitorderStepdefinitions.java:26)
at ✽.I landed on E commerce page(file:///C:/Users/FL_LPT-476/eclipse-workspace/SeleniumFramework/src/test/java/cucumber/SubmitOrder.feature:6)
]]>
    </error>
  </testcase> <!-- runScenario -->
</testsuite> <!-- cucumber.testNGtestRunner -->
